# JRE version: Java(TM) SE Runtime Environment (24.0.1+9) (build 24.0.1+9-30)
# Java VM: Java HotSpot(TM) 64-Bit Server VM (24.0.1+9-30, mixed mode, sharing, tiered, compressed oops, compressed class ptrs, g1 gc, windows-amd64)
GC Precious Log:
 CardTable entry size: 512
 Card Set container configuration: InlinePtr #cards 4 size 8 Array Of Cards #cards 16 size 48 Howl #buckets 8 coarsen threshold 3686 Howl Bitmap #cards 512 size 80 coarsen threshold 460 Card regions per heap region 1 cards per card region 4096
 CPUs: 12 total, 12 available
 Memory: 14181M
 Large Page Support: Disabled
 NUMA Support: Disabled
 Compressed Oops: Enabled (Zero based)
 Heap Region Size: 2M
 Heap Min Capacity: 8M
 Heap Initial Capacity: 222M
 Heap Max Capacity: 3546M
 Pre-touch: Disabled
 Parallel Workers: 10
 Concurrent Workers: 3
 Concurrent Refinement Workers: 10
 Periodic GC: Disabled
Heap:
 garbage-first heap   total reserved 3631104K, committed 63488K, used 46653K [0x0000000722600000, 0x0000000800000000)
  region size 2048K, 13 young (26624K), 1 survivors (2048K)
 Metaspace       used 37001K, committed 37568K, reserved 1114112K
  class space    used 3795K, committed 4032K, reserved 1048576K
GC Heap History (20 events):
Event: 3.611 GC heap before
{Heap before GC invocations=1 (full 0):
 garbage-first heap   total reserved 3631104K, committed 229376K, used 52580K [0x0000000722600000, 0x0000000800000000)
  region size 2048K, 26 young (53248K), 3 survivors (6144K)
 Metaspace       used 21245K, committed 21504K, reserved 1114112K
  class space    used 2175K, committed 2304K, reserved 1048576K
}
Event: 3.619 GC heap after
{Heap after GC invocations=2 (full 0):
 garbage-first heap   total reserved 3631104K, committed 229376K, used 11611K [0x0000000722600000, 0x0000000800000000)
  region size 2048K, 5 young (10240K), 5 survivors (10240K)
 Metaspace       used 21245K, committed 21504K, reserved 1114112K
  class space    used 2175K, committed 2304K, reserved 1048576K
}
Event: 4.674 GC heap before
{Heap before GC invocations=3 (full 0):
 garbage-first heap   total reserved 3631104K, committed 49152K, used 44379K [0x0000000722600000, 0x0000000800000000)
  region size 2048K, 22 young (45056K), 5 survivors (10240K)
 Metaspace       used 26933K, committed 27392K, reserved 1114112K
  class space    used 2837K, committed 3008K, reserved 1048576K
}
Event: 4.683 GC heap after
{Heap after GC invocations=4 (full 0):
 garbage-first heap   total reserved 3631104K, committed 63488K, used 14893K [0x0000000722600000, 0x0000000800000000)
  region size 2048K, 4 young (8192K), 4 survivors (8192K)
 Metaspace       used 26933K, committed 27392K, reserved 1114112K
  class space    used 2837K, committed 3008K, reserved 1048576K
}
Event: 5.087 GC heap before
{Heap before GC invocations=4 (full 0):
 garbage-first heap   total reserved 3631104K, committed 63488K, used 39469K [0x0000000722600000, 0x0000000800000000)
  region size 2048K, 17 young (34816K), 4 survivors (8192K)
 Metaspace       used 28849K, committed 29312K, reserved 1114112K
  class space    used 3040K, committed 3264K, reserved 1048576K
}
Event: 5.096 GC heap after
{Heap after GC invocations=5 (full 0):
 garbage-first heap   total reserved 3631104K, committed 63488K, used 19683K [0x0000000722600000, 0x0000000800000000)
  region size 2048K, 3 young (6144K), 3 survivors (6144K)
 Metaspace       used 28849K, committed 29312K, reserved 1114112K
  class space    used 3040K, committed 3264K, reserved 1048576K
}
Event: 5.299 GC heap before
{Heap before GC invocations=5 (full 0):
 garbage-first heap   total reserved 3631104K, committed 63488K, used 44259K [0x0000000722600000, 0x0000000800000000)
  region size 2048K, 15 young (30720K), 3 survivors (6144K)
 Metaspace       used 29066K, committed 29504K, reserved 1114112K
  class space    used 3055K, committed 3264K, reserved 1048576K
}
Event: 5.304 GC heap after
{Heap after GC invocations=6 (full 0):
 garbage-first heap   total reserved 3631104K, committed 63488K, used 23787K [0x0000000722600000, 0x0000000800000000)
  region size 2048K, 2 young (4096K), 2 survivors (4096K)
 Metaspace       used 29066K, committed 29504K, reserved 1114112K
  class space    used 3055K, committed 3264K, reserved 1048576K
}
Event: 5.355 GC heap before
{Heap before GC invocations=6 (full 0):
 garbage-first heap   total reserved 3631104K, committed 63488K, used 46315K [0x0000000722600000, 0x0000000800000000)
  region size 2048K, 13 young (26624K), 2 survivors (4096K)
 Metaspace       used 29116K, committed 29632K, reserved 1114112K
  class space    used 3055K, committed 3264K, reserved 1048576K
}
Event: 5.360 GC heap after
{Heap after GC invocations=7 (full 0):
 garbage-first heap   total reserved 3631104K, committed 63488K, used 29022K [0x0000000722600000, 0x0000000800000000)
  region size 2048K, 2 young (4096K), 2 survivors (4096K)
 Metaspace       used 29116K, committed 29632K, reserved 1114112K
  class space    used 3055K, committed 3264K, reserved 1048576K
}
Event: 5.771 GC heap before
{Heap before GC invocations=7 (full 0):
 garbage-first heap   total reserved 3631104K, committed 63488K, used 47454K [0x0000000722600000, 0x0000000800000000)
  region size 2048K, 11 young (22528K), 2 survivors (4096K)
 Metaspace       used 30718K, committed 31232K, reserved 1114112K
  class space    used 3236K, committed 3456K, reserved 1048576K
}
Event: 5.774 GC heap after
{Heap after GC invocations=8 (full 0):
 garbage-first heap   total reserved 3631104K, committed 63488K, used 29182K [0x0000000722600000, 0x0000000800000000)
  region size 2048K, 1 young (2048K), 1 survivors (2048K)
 Metaspace       used 30718K, committed 31232K, reserved 1114112K
  class space    used 3236K, committed 3456K, reserved 1048576K
}
Event: 181.339 GC heap before
{Heap before GC invocations=9 (full 0):
 garbage-first heap   total reserved 3631104K, committed 63488K, used 49662K [0x0000000722600000, 0x0000000800000000)
  region size 2048K, 11 young (22528K), 1 survivors (2048K)
 Metaspace       used 34786K, committed 35328K, reserved 1114112K
  class space    used 3675K, committed 3904K, reserved 1048576K
}
Event: 181.342 GC heap after
{Heap after GC invocations=10 (full 0):
 garbage-first heap   total reserved 3631104K, committed 63488K, used 31577K [0x0000000722600000, 0x0000000800000000)
  region size 2048K, 2 young (4096K), 2 survivors (4096K)
 Metaspace       used 34786K, committed 35328K, reserved 1114112K
  class space    used 3675K, committed 3904K, reserved 1048576K
}
Event: 537.190 GC heap before
{Heap before GC invocations=10 (full 0):
 garbage-first heap   total reserved 3631104K, committed 63488K, used 50009K [0x0000000722600000, 0x0000000800000000)
  region size 2048K, 11 young (22528K), 2 survivors (4096K)
 Metaspace       used 36289K, committed 36864K, reserved 1114112K
  class space    used 3795K, committed 4032K, reserved 1048576K
}
Event: 537.195 GC heap after
{Heap after GC invocations=11 (full 0):
 garbage-first heap   total reserved 3631104K, committed 63488K, used 27475K [0x0000000722600000, 0x0000000800000000)
  region size 2048K, 1 young (2048K), 1 survivors (2048K)
 Metaspace       used 36289K, committed 36864K, reserved 1114112K
  class space    used 3795K, committed 4032K, reserved 1048576K
}
Event: 1173.136 GC heap before
{Heap before GC invocations=11 (full 0):
 garbage-first heap   total reserved 3631104K, committed 63488K, used 50003K [0x0000000722600000, 0x0000000800000000)
  region size 2048K, 13 young (26624K), 1 survivors (2048K)
 Metaspace       used 36621K, committed 37184K, reserved 1114112K
  class space    used 3795K, committed 4032K, reserved 1048576K
}
Event: 1173.144 GC heap after
{Heap after GC invocations=12 (full 0):
 garbage-first heap   total reserved 3631104K, committed 63488K, used 26275K [0x0000000722600000, 0x0000000800000000)
  region size 2048K, 1 young (2048K), 1 survivors (2048K)
 Metaspace       used 36621K, committed 37184K, reserved 1114112K
  class space    used 3795K, committed 4032K, reserved 1048576K
}
Event: 2151.069 GC heap before
{Heap before GC invocations=12 (full 0):
 garbage-first heap   total reserved 3631104K, committed 63488K, used 52899K [0x0000000722600000, 0x0000000800000000)
  region size 2048K, 14 young (28672K), 1 survivors (2048K)
 Metaspace       used 36726K, committed 37248K, reserved 1114112K
  class space    used 3795K, committed 4032K, reserved 1048576K
}
Event: 2151.085 GC heap after
{Heap after GC invocations=13 (full 0):
 garbage-first heap   total reserved 3631104K, committed 63488K, used 26173K [0x0000000722600000, 0x0000000800000000)
  region size 2048K, 1 young (2048K), 1 survivors (2048K)
 Metaspace       used 36726K, committed 37248K, reserved 1114112K
  class space    used 3795K, committed 4032K, reserved 1048576K
}

